<?xml version="1.0" encoding="UTF-8"?>
<testng-results skipped="0" failed="0" ignored="0" total="1" passed="1">
  <reporter-output>
  </reporter-output>
  <suite name="Default suite" duration-ms="64667" started-at="2019-07-17T13:01:24Z" finished-at="2019-07-17T13:02:29Z">
    <groups>
      <group name="cucumber">
        <method signature="AbstractTestNGCucumberTests.feature(cucumber.api.testng.CucumberFeatureWrapper)[pri:0, instance:Runner.Runner@5204062d]" name="feature" class="cucumber.api.testng.AbstractTestNGCucumberTests"/>
      </group> <!-- cucumber -->
    </groups>
    <test name="Default test" duration-ms="64667" started-at="2019-07-17T13:01:24Z" finished-at="2019-07-17T13:02:29Z">
      <class name="Runner.Runner">
        <test-method status="PASS" signature="setUpClass()[pri:0, instance:Runner.Runner@5204062d]" name="setUpClass" is-config="true" duration-ms="942" started-at="2019-07-17T13:01:24Z" finished-at="2019-07-17T13:01:25Z">
          <reporter-output>
          </reporter-output>
        </test-method> <!-- setUpClass -->
        <test-method status="PASS" signature="feature(cucumber.api.testng.CucumberFeatureWrapper)[pri:0, instance:Runner.Runner@5204062d]" name="feature" duration-ms="60617" started-at="2019-07-17T13:01:25Z" description="Runs Cucumber Feature" data-provider="features" finished-at="2019-07-17T13:02:26Z">
          <params>
            <param index="0">
              <value>
                <![CDATA[Login scenerios]]>
              </value>
            </param>
          </params>
          <reporter-output>
          </reporter-output>
        </test-method> <!-- feature -->
        <test-method status="PASS" signature="tearDownClass()[pri:0, instance:Runner.Runner@5204062d]" name="tearDownClass" is-config="true" duration-ms="2909" started-at="2019-07-17T13:02:26Z" finished-at="2019-07-17T13:02:29Z">
          <reporter-output>
          </reporter-output>
        </test-method> <!-- tearDownClass -->
      </class> <!-- Runner.Runner -->
    </test> <!-- Default test -->
  </suite> <!-- Default suite -->
</testng-results>
